Start: 2024-05-03 09:40:18.383953
Function: hello_world 
Args and kwargs: (), {}
Return value:Hello World

Start: 2024-05-03 09:40:18.385460
Function: summator 
Args and kwargs: (2, 2), {}
Return value:4

Start: 2024-05-03 09:40:18.385460
Function: div 
Args and kwargs: (6, 2), {}
Return value:3.0

Start: 2024-05-03 09:40:18.385460
Function: summator 
Args and kwargs: (4.3,), {'b': 2.2}
Return value:6.5

Start: 2024-05-03 09:40:18.385460
Function: summator 
Args and kwargs: (), {'a': 0, 'b': 0}
Return value:0

